<?xml version="1.0" encoding="UTF-8"?>
<testsuite name="pratica5.LibraryTest" tests="1" skipped="0" failures="0" errors="0" timestamp="2023-07-28T23:14:00" hostname="1fa602d46ffd" time="0.015">
  <properties/>
  <testcase name="someLibraryMethodReturnsTrue()" classname="pratica5.LibraryTest" time="0.015"/>
  <system-out><![CDATA[]]></system-out>
  <system-err><![CDATA[]]></system-err>
</testsuite>
